#
# There is insufficient memory for the Java Runtime Environment to continue.
# Native memory allocation (mmap) failed to map 132120576 bytes for G1 virtual space
# Possible reasons:
#   The system is out of physical RAM or swap space
#   The process is running with CompressedOops enabled, and the Java Heap may be blocking the growth of the native heap
# Possible solutions:
#   Reduce memory load on the system
#   Increase physical memory or swap space
#   Check if swap backing store is full
#   Decrease Java heap size (-Xmx/-Xms)
#   Decrease number of Java threads
#   Decrease Java thread stack sizes (-Xss)
#   Set larger code cache with -XX:ReservedCodeCacheSize=
#   JVM is running with Unscaled Compressed Oops mode in which the Java heap is
#     placed in the first 4GB address space. The Java Heap base address is the
#     maximum limit for the native heap growth. Please use -XX:HeapBaseMinAddress
#     to set the Java Heap base and to place the Java Heap above 4GB virtual address.
# This output file may be truncated or incomplete.
#
#  Out of Memory Error (os_windows.cpp:3548), pid=13616, tid=17316
#
# JRE version:  (17.0.10+11) (build )
# Java VM: Java HotSpot(TM) 64-Bit Server VM (17.0.10+11-LTS-240, mixed mode, emulated-client, sharing, tiered, compressed oops, compressed class ptrs, g1 gc, windows-amd64)
# No core dump will be written. Minidumps are not enabled by default on client versions of Windows
#

---------------  S U M M A R Y ------------

Command Line: -XX:TieredStopAtLevel=1 -Dspring.output.ansi.enabled=always -Dcom.sun.management.jmxremote -Dspring.jmx.enabled=true -Dspring.liveBeansView.mbeanDomain -Dspring.application.admin.enabled=true -Dmanagement.endpoints.jmx.exposure.include=* -javaagent:C:\Program Files\JetBrains\IntelliJ IDEA 2023.2\lib\idea_rt.jar=52126:C:\Program Files\JetBrains\IntelliJ IDEA 2023.2\bin -Dfile.encoding=UTF-8 com.group2.smart_cafe_backend.SmartCafeBackendApplication

Host: Intel(R) Core(TM) i5-9300H CPU @ 2.40GHz, 8 cores, 7G,  Windows 10 , 64 bit Build 19041 (10.0.19041.4717)
Time: Sat Sep  7 10:06:11 2024 SE Asia Standard Time elapsed time: 0.040611 seconds (0d 0h 0m 0s)

---------------  T H R E A D  ---------------

Current thread (0x00000265f22e19f0):  JavaThread "Unknown thread" [_thread_in_vm, id=17316, stack(0x000000c1fa700000,0x000000c1fa800000)]

Stack: [0x000000c1fa700000,0x000000c1fa800000]
Native frames: (J=compiled Java code, j=interpreted, Vv=VM code, C=native code)
V  [jvm.dll+0x677a5a]
V  [jvm.dll+0x7d8b2d]
V  [jvm.dll+0x7da48e]
V  [jvm.dll+0x7daaf3]
V  [jvm.dll+0x2455ff]
V  [jvm.dll+0x6749b9]
V  [jvm.dll+0x669382]
V  [jvm.dll+0x302e96]
V  [jvm.dll+0x30a416]
V  [jvm.dll+0x359cbe]
V  [jvm.dll+0x359eef]
V  [jvm.dll+0x2d9e88]
V  [jvm.dll+0x2dadf4]
V  [jvm.dll+0x7aa551]
V  [jvm.dll+0x367911]
V  [jvm.dll+0x789639]
V  [jvm.dll+0x3eb30f]
V  [jvm.dll+0x3ecd91]
C  [jli.dll+0x5297]
C  [ucrtbase.dll+0x21bb2]
C  [KERNEL32.DLL+0x17374]
C  [ntdll.dll+0x4cc91]


---------------  P R O C E S S  ---------------

Threads class SMR info:
_java_thread_list=0x00007fffe98f6a18, length=0, elements={
}

Java Threads: ( => current thread )

Other Threads:
  0x00000265f233c8d0 GCTaskThread "GC Thread#0" [stack: 0x000000c1fa800000,0x000000c1fa900000] [id=7028]
  0x00000265f234d3a0 ConcurrentGCThread "G1 Main Marker" [stack: 0x000000c1fa900000,0x000000c1faa00000] [id=17052]
  0x00000265f234e550 ConcurrentGCThread "G1 Conc#0" [stack: 0x000000c1faa00000,0x000000c1fab00000] [id=16176]

[error occurred during error reporting (printing all threads), id 0xc0000005, EXCEPTION_ACCESS_VIOLATION (0xc0000005) at pc=0x00007fffe912aae7]

VM state: not at safepoint (not fully initialized)

VM Mutex/Monitor currently owned by a thread:  ([mutex/lock_event])
[0x00000265f22de090] Heap_lock - owner thread: 0x00000265f22e19f0

Heap address: 0x0000000082400000, size: 2012 MB, Compressed Oops mode: 32-bit

CDS archive(s) mapped at: [0x0000000000000000-0x0000000000000000-0x0000000000000000), size 0, SharedBaseAddress: 0x0000000800000000, ArchiveRelocationMode: 1.
Narrow klass base: 0x0000000000000000, Narrow klass shift: 0, Narrow klass range: 0x0

GC Precious Log:
<Empty>

Heap:
 garbage-first heap   total 0K, used 0K [0x0000000082400000, 0x0000000100000000)
  region size 1024K, 0 young (0K), 0 survivors (0K)

[error occurred during error reporting (printing heap information), id 0xc0000005, EXCEPTION_ACCESS_VIOLATION (0xc0000005) at pc=0x00007fffe9511249]

GC Heap History (0 events):
No events

Deoptimization events (0 events):
No events

Classes unloaded (0 events):
No events

Classes redefined (0 events):
No events

Internal exceptions (0 events):
No events

VM Operations (0 events):
No events

Events (1 events):
Event: 0.026 Loaded shared library C:\Program Files\Java\jdk-17\bin\java.dll


Dynamic libraries:
0x00007ff67b900000 - 0x00007ff67b910000 	C:\Program Files\Java\jdk-17\bin\java.exe
0x00007ff84c310000 - 0x00007ff84c508000 	C:\WINDOWS\SYSTEM32\ntdll.dll
0x00007ff84aa70000 - 0x00007ff84ab31000 	C:\WINDOWS\System32\KERNEL32.DLL
0x00007ff84a040000 - 0x00007ff84a33d000 	C:\WINDOWS\System32\KERNELBASE.dll
0x00007ff8499f0000 - 0x00007ff849af0000 	C:\WINDOWS\System32\ucrtbase.dll
0x00007ff841aa0000 - 0x00007ff841ab9000 	C:\Program Files\Java\jdk-17\bin\jli.dll
0x00007ff840c00000 - 0x00007ff840c1b000 	C:\Program Files\Java\jdk-17\bin\VCRUNTIME140.dll
0x00007ff84a930000 - 0x00007ff84a9e0000 	C:\WINDOWS\System32\ADVAPI32.dll
0x00007ff84bf60000 - 0x00007ff84bffe000 	C:\WINDOWS\System32\msvcrt.dll
0x00007ff84be60000 - 0x00007ff84bf00000 	C:\WINDOWS\System32\sechost.dll
0x00007ff84c120000 - 0x00007ff84c243000 	C:\WINDOWS\System32\RPCRT4.dll
0x00007ff849cb0000 - 0x00007ff849cd7000 	C:\WINDOWS\System32\bcrypt.dll
0x00007ff84b6f0000 - 0x00007ff84b88d000 	C:\WINDOWS\System32\USER32.dll
0x00007ff8499c0000 - 0x00007ff8499e2000 	C:\WINDOWS\System32\win32u.dll
0x00007ff84ac10000 - 0x00007ff84ac3b000 	C:\WINDOWS\System32\GDI32.dll
0x00007ff849f20000 - 0x00007ff84a037000 	C:\WINDOWS\System32\gdi32full.dll
0x00007ff849b60000 - 0x00007ff849bfd000 	C:\WINDOWS\System32\msvcp_win.dll
0x00007ff834ff0000 - 0x00007ff83528a000 	C:\WINDOWS\WinSxS\amd64_microsoft.windows.common-controls_6595b64144ccf1df_6.0.19041.4355_none_60b8b9eb71f62e16\COMCTL32.dll
0x00007ff842a90000 - 0x00007ff842a9a000 	C:\WINDOWS\SYSTEM32\VERSION.dll
0x00007ff84ac40000 - 0x00007ff84ac6f000 	C:\WINDOWS\System32\IMM32.DLL
0x00007ff841580000 - 0x00007ff84158c000 	C:\Program Files\Java\jdk-17\bin\vcruntime140_1.dll
0x00007ff829820000 - 0x00007ff8298ae000 	C:\Program Files\Java\jdk-17\bin\msvcp140.dll
0x00007fffe8e40000 - 0x00007fffe9a1f000 	C:\Program Files\Java\jdk-17\bin\server\jvm.dll
0x00007ff84a340000 - 0x00007ff84a348000 	C:\WINDOWS\System32\PSAPI.DLL
0x00007ff82d010000 - 0x00007ff82d019000 	C:\WINDOWS\SYSTEM32\WSOCK32.dll
0x00007ff832fe0000 - 0x00007ff833007000 	C:\WINDOWS\SYSTEM32\WINMM.dll
0x00007ff84ba90000 - 0x00007ff84bafb000 	C:\WINDOWS\System32\WS2_32.dll
0x00007ff847890000 - 0x00007ff8478a2000 	C:\WINDOWS\SYSTEM32\kernel.appcore.dll
0x00007ff841550000 - 0x00007ff84155a000 	C:\Program Files\Java\jdk-17\bin\jimage.dll
0x00007ff847150000 - 0x00007ff847334000 	C:\WINDOWS\SYSTEM32\DBGHELP.DLL
0x00007ff836ba0000 - 0x00007ff836bd4000 	C:\WINDOWS\SYSTEM32\dbgcore.DLL
0x00007ff849ce0000 - 0x00007ff849d62000 	C:\WINDOWS\System32\bcryptPrimitives.dll
0x00007ff846740000 - 0x00007ff84674e000 	C:\Program Files\Java\jdk-17\bin\instrument.dll
0x00007ff83e500000 - 0x00007ff83e525000 	C:\Program Files\Java\jdk-17\bin\java.dll

dbghelp: loaded successfully - version: 4.0.5 - missing functions: none
symbol engine: initialized successfully - sym options: 0x614 - pdb path: .;C:\Program Files\Java\jdk-17\bin;C:\WINDOWS\SYSTEM32;C:\WINDOWS\WinSxS\amd64_microsoft.windows.common-controls_6595b64144ccf1df_6.0.19041.4355_none_60b8b9eb71f62e16;C:\Program Files\Java\jdk-17\bin\server

VM Arguments:
jvm_args: -XX:TieredStopAtLevel=1 -Dspring.output.ansi.enabled=always -Dcom.sun.management.jmxremote -Dspring.jmx.enabled=true -Dspring.liveBeansView.mbeanDomain -Dspring.application.admin.enabled=true -Dmanagement.endpoints.jmx.exposure.include=* -javaagent:C:\Program Files\JetBrains\IntelliJ IDEA 2023.2\lib\idea_rt.jar=52126:C:\Program Files\JetBrains\IntelliJ IDEA 2023.2\bin -Dfile.encoding=UTF-8 
java_command: com.group2.smart_cafe_backend.SmartCafeBackendApplication
java_class_path (initial): D:\CodeGym\module_6\smart_cafe_backend\build\classes\java\main;D:\CodeGym\module_6\smart_cafe_backend\build\resources\main;C:\Users\asus\.gradle\caches\modules-2\files-2.1\org.projectlombok\lombok\1.18.24\13a394eed5c4f9efb2a6d956e2086f1d81e857d9\lombok-1.18.24.jar;C:\Users\asus\.gradle\caches\modules-2\files-2.1\org.springframework.boot\spring-boot-starter-web\3.3.3\f19325fefd33dc920c0f68547a798ed731a8c70c\spring-boot-starter-web-3.3.3.jar;C:\Users\asus\.gradle\caches\modules-2\files-2.1\org.springframework.boot\spring-boot-starter-data-jpa\3.3.3\7eeb176d6130f7aa83405fe2985fe7cadc11ebc5\spring-boot-starter-data-jpa-3.3.3.jar;C:\Users\asus\.gradle\caches\modules-2\files-2.1\org.springframework.boot\spring-boot-starter-thymeleaf\3.3.3\c2fb77625292dd8fb623e43f500af260239f1a9\spring-boot-starter-thymeleaf-3.3.3.jar;C:\Users\asus\.gradle\caches\modules-2\files-2.1\org.springframework.boot\spring-boot-starter-validation\3.3.3\9a585e4c45168f6c37812ab47df3abf869c9c289\spring-boot-starter-validation-3.3.3.jar;C:\Users\asus\.gradle\caches\modules-2\files-2.1\org.springframework.boot\spring-boot-starter-mail\3.3.3\68ae7baa6f8f684631b201ce80bbdad9af04a9a4\spring-boot-starter-mail-3.3.3.jar;C:\Users\asus\.gradle\caches\modules-2\files-2.1\org.springframework.boot\spring-boot-starter-security\3.3.3\80c76e69884e061f0197275005d45dd1648e25c2\spring-boot-starter-security-3.3.3.jar;C:\Users\asus\.gradle\caches\modules-2\files-2.1\io.jsonwebtoken\jjwt-api\0.11.2\57c34dce3e88f2972c5c5465b6291acfb5628084\jjwt-api-0.11.2.jar;C:\Users\asus\.gradle\caches\modules-2\files-2.1\org.springframework.boot\spring-boot-starter-json\3.3.3\3dde3b6089f772a77763020cc97a219307a8f39f\spring-boot-starter-json-3.3.3.jar;C:\Users\asus\.gradle\caches\modules-2\files-2.1\org.springframework.boot\spring-boot-starter\3.3.3\174d6cb1c59036a01756d6bf4d8945325f94155f\spring-boot-starter-3.3.3.jar;C:\Users\asus\.gradle\caches\modules-2\files-2.1\org.springframework.boot\spring-boot-start
Launcher Type: SUN_STANDARD

[Global flags]
     intx CICompilerCount                          = 4                                         {product} {ergonomic}
     uint ConcGCThreads                            = 2                                         {product} {ergonomic}
     uint G1ConcRefinementThreads                  = 8                                         {product} {ergonomic}
   size_t G1HeapRegionSize                         = 1048576                                   {product} {ergonomic}
    uintx GCDrainStackTargetSize                   = 64                                        {product} {ergonomic}
   size_t InitialHeapSize                          = 132120576                                 {product} {ergonomic}
     bool ManagementServer                         = true                                      {product} {command line}
   size_t MarkStackSize                            = 4194304                                   {product} {ergonomic}
   size_t MaxHeapSize                              = 2109734912                                {product} {ergonomic}
   size_t MinHeapDeltaBytes                        = 1048576                                   {product} {ergonomic}
   size_t MinHeapSize                              = 8388608                                   {product} {ergonomic}
    uintx NonProfiledCodeHeapSize                  = 0                                      {pd product} {ergonomic}
     bool ProfileInterpreter                       = false                                  {pd product} {command line}
    uintx ProfiledCodeHeapSize                     = 0                                      {pd product} {ergonomic}
   size_t SoftMaxHeapSize                          = 2109734912                             {manageable} {ergonomic}
     intx TieredStopAtLevel                        = 1                                         {product} {command line}
     bool UseCompressedClassPointers               = true                           {product lp64_product} {ergonomic}
     bool UseCompressedOops                        = true                           {product lp64_product} {ergonomic}
     bool UseG1GC                                  = true                                      {product} {ergonomic}
     bool UseLargePagesIndividualAllocation        = false                                  {pd product} {ergonomic}

Logging:
Log output configuration:
 #0: stdout all=warning uptime,level,tags
 #1: stderr all=off uptime,level,tags

Environment Variables:
JAVA_HOME=C:\Program Files\Java\jdk-21
PATH=C:\Program Files\Common Files\Oracle\Java\javapath;C:\Program Files\Common Files\Siemens\Automation\Simatic OAM\bin;C:\Program Files (x86)\Common Files\Intel\Shared Libraries\redist\intel64_win\compiler;C:\WINDOWS\system32;C:\WINDOWS;C:\WINDOWS\System32\Wbem;C:\WINDOWS\System32\WindowsPowerShell\v1.0\;C:\WINDOWS\System32\OpenSSH\;C:\Program Files\Java\jre1.8.0_301\bin;C:\Program Files\Java\jre1.8.0_301\bin;C:\Program Files (x86)\PICC;C:\Program Files\Microsoft SQL Server\150\Tools\Binn\;C:\Program Files\Cloudflare\Cloudflare WARP\;C:\Program Files (x86)\Microsoft SQL Server\160\Tools\Binn\;C:\Program Files\Microsoft SQL Server\160\Tools\Binn\;C:\Program Files\Microsoft SQL Server\Client SDK\ODBC\170\Tools\Binn\;C:\Program Files\Microsoft SQL Server\160\DTS\Binn\;C:\Program Files (x86)\Microsoft SQL Server\160\DTS\Binn\;C:\Program Files\Azure Data Studio\bin;C:\Users\asus\Downloads\apache-tomcat-8.5.34-windows-x64\apache-tomcat-8.5.34\bin;C:\Program Files\Java\jdk-21\bin;C:\Users\asus\Downloads\apache-maven-3.6.0\bin;C:\Program Files\Git\cmd;C:\Program Files\nodejs\;C:\Users\asus\AppData\Local\Microsoft\WindowsApps;C:\Program Files\Azure Data Studio\bin;C:\Program Files\JetBrains\IntelliJ IDEA 2023.2\bin;;C:\Program Files\JetBrains\WebStorm 2023.3.6\bin;;C:\Users\asus\AppData\Roaming\npm
USERNAME=asus
OS=Windows_NT
PROCESSOR_IDENTIFIER=Intel64 Family 6 Model 158 Stepping 10, GenuineIntel



---------------  S Y S T E M  ---------------

OS:
 Windows 10 , 64 bit Build 19041 (10.0.19041.4717)
OS uptime: 0 days 0:34 hours

CPU: total 8 (initial active 8) (4 cores per cpu, 2 threads per core) family 6 model 158 stepping 10 microcode 0xb4, cx8, cmov, fxsr, ht, mmx, 3dnowpref, sse, sse2, sse3, ssse3, sse4.1, sse4.2, popcnt, lzcnt, tsc, tscinvbit, avx, avx2, aes, erms, clmul, bmi1, bmi2, adx, fma, vzeroupper, clflush, clflushopt

Memory: 4k page, system-wide physical 8043M (317M free)
TotalPageFile size 12139M (AvailPageFile size 26M)
current process WorkingSet (physical memory assigned to process): 10M, peak: 10M
current process commit charge ("private bytes"): 55M, peak: 181M

vm_info: Java HotSpot(TM) 64-Bit Server VM (17.0.10+11-LTS-240) for windows-amd64 JRE (17.0.10+11-LTS-240), built on Dec 19 2023 21:47:25 by "mach5one" with MS VC++ 17.1 (VS2022)

END.
