#
# There is insufficient memory for the Java Runtime Environment to continue.
# Native memory allocation (mmap) failed to map 65536 bytes for Failed to commit metaspace.
# Possible reasons:
#   The system is out of physical RAM or swap space
#   The process is running with CompressedOops enabled, and the Java Heap may be blocking the growth of the native heap
# Possible solutions:
#   Reduce memory load on the system
#   Increase physical memory or swap space
#   Check if swap backing store is full
#   Decrease Java heap size (-Xmx/-Xms)
#   Decrease number of Java threads
#   Decrease Java thread stack sizes (-Xss)
#   Set larger code cache with -XX:ReservedCodeCacheSize=
#   JVM is running with Unscaled Compressed Oops mode in which the Java heap is
#     placed in the first 4GB address space. The Java Heap base address is the
#     maximum limit for the native heap growth. Please use -XX:HeapBaseMinAddress
#     to set the Java Heap base and to place the Java Heap above 4GB virtual address.
# This output file may be truncated or incomplete.
#
#  Out of Memory Error (virtualSpaceNode.cpp:110), pid=4032, tid=18744
#
# JRE version: Java(TM) SE Runtime Environment (17.0.10+11) (build 17.0.10+11-LTS-240)
# Java VM: Java HotSpot(TM) 64-Bit Server VM (17.0.10+11-LTS-240, mixed mode, emulated-client, sharing, tiered, compressed oops, compressed class ptrs, g1 gc, windows-amd64)
# No core dump will be written. Minidumps are not enabled by default on client versions of Windows
#

---------------  S U M M A R Y ------------

Command Line: -XX:TieredStopAtLevel=1 -Dspring.output.ansi.enabled=always -Dcom.sun.management.jmxremote -Dspring.jmx.enabled=true -Dspring.liveBeansView.mbeanDomain -Dspring.application.admin.enabled=true -Dmanagement.endpoints.jmx.exposure.include=* -javaagent:C:\Program Files\JetBrains\IntelliJ IDEA 2023.2\lib\idea_rt.jar=51493:C:\Program Files\JetBrains\IntelliJ IDEA 2023.2\bin -Dfile.encoding=UTF-8 com.group2.smart_cafe_backend.SmartCafeBackendApplication

Host: Intel(R) Core(TM) i5-9300H CPU @ 2.40GHz, 8 cores, 7G,  Windows 10 , 64 bit Build 19041 (10.0.19041.4717)
Time: Sun Sep  8 21:05:21 2024 SE Asia Standard Time elapsed time: 3.161158 seconds (0d 0h 0m 3s)

---------------  T H R E A D  ---------------

Current thread (0x00000152575d3490):  JavaThread "main" [_thread_in_vm, id=18744, stack(0x0000002fef900000,0x0000002fefa00000)]

Stack: [0x0000002fef900000,0x0000002fefa00000]
Native frames: (J=compiled Java code, j=interpreted, Vv=VM code, C=native code)
V  [jvm.dll+0x677a5a]
V  [jvm.dll+0x7d8b2d]
V  [jvm.dll+0x7da48e]
V  [jvm.dll+0x7daaf3]
V  [jvm.dll+0x2455ff]
V  [jvm.dll+0x7d483b]
V  [jvm.dll+0x61dc06]
V  [jvm.dll+0x1bfa87]
V  [jvm.dll+0x620570]
V  [jvm.dll+0x61e5c6]
V  [jvm.dll+0x6283a7]
V  [jvm.dll+0x1e92ed]
V  [jvm.dll+0x1e98b5]
V  [jvm.dll+0x1ea1fb]
V  [jvm.dll+0x1dfa01]
V  [jvm.dll+0x53d58c]
V  [jvm.dll+0x753438]
V  [jvm.dll+0x753524]
V  [jvm.dll+0x40babf]
V  [jvm.dll+0x411a89]
C  [java.dll+0x17ec]

Java frames: (J=compiled Java code, j=interpreted, Vv=VM code)
J 1159  java.lang.ClassLoader.defineClass1(Ljava/lang/ClassLoader;Ljava/lang/String;[BIILjava/security/ProtectionDomain;Ljava/lang/String;)Ljava/lang/Class; java.base@17.0.10 (0 bytes) @ 0x000001525f23b063 [0x000001525f23afa0+0x00000000000000c3]
J 1244 c1 java.lang.ClassLoader.defineClass(Ljava/lang/String;[BIILjava/security/ProtectionDomain;)Ljava/lang/Class; java.base@17.0.10 (43 bytes) @ 0x000001525f25e45c [0x000001525f25e360+0x00000000000000fc]
J 1162 c1 jdk.internal.loader.BuiltinClassLoader.defineClass(Ljava/lang/String;Ljdk/internal/loader/Resource;)Ljava/lang/Class; java.base@17.0.10 (121 bytes) @ 0x000001525f242f64 [0x000001525f242aa0+0x00000000000004c4]
J 1161 c1 jdk.internal.loader.BuiltinClassLoader.findClassOnClassPathOrNull(Ljava/lang/String;)Ljava/lang/Class; java.base@17.0.10 (64 bytes) @ 0x000001525f2415b4 [0x000001525f241300+0x00000000000002b4]
J 933 c1 jdk.internal.loader.BuiltinClassLoader.loadClassOrNull(Ljava/lang/String;Z)Ljava/lang/Class; java.base@17.0.10 (143 bytes) @ 0x000001525f1e095c [0x000001525f1e0500+0x000000000000045c]
J 1074 c1 jdk.internal.loader.ClassLoaders$AppClassLoader.loadClass(Ljava/lang/String;Z)Ljava/lang/Class; java.base@17.0.10 (40 bytes) @ 0x000001525f21cfa4 [0x000001525f21ce60+0x0000000000000144]
J 1073 c1 java.lang.ClassLoader.loadClass(Ljava/lang/String;)Ljava/lang/Class; java.base@17.0.10 (7 bytes) @ 0x000001525f21c3e4 [0x000001525f21c3a0+0x0000000000000044]
v  ~StubRoutines::call_stub
j  org.springframework.beans.factory.support.AbstractAutowireCapableBeanFactory.instantiateBean(Ljava/lang/String;Lorg/springframework/beans/factory/support/RootBeanDefinition;)Lorg/springframework/beans/BeanWrapper;+13
j  org.springframework.beans.factory.support.AbstractAutowireCapableBeanFactory.createBeanInstance(Ljava/lang/String;Lorg/springframework/beans/factory/support/RootBeanDefinition;[Ljava/lang/Object;)Lorg/springframework/beans/BeanWrapper;+241
j  org.springframework.beans.factory.support.AbstractAutowireCapableBeanFactory.doCreateBean(Ljava/lang/String;Lorg/springframework/beans/factory/support/RootBeanDefinition;[Ljava/lang/Object;)Ljava/lang/Object;+34
j  org.springframework.beans.factory.support.AbstractAutowireCapableBeanFactory.createBean(Ljava/lang/String;Lorg/springframework/beans/factory/support/RootBeanDefinition;[Ljava/lang/Object;)Ljava/lang/Object;+153
j  org.springframework.beans.factory.support.AbstractBeanFactory.lambda$doGetBean$0(Ljava/lang/String;Lorg/springframework/beans/factory/support/RootBeanDefinition;[Ljava/lang/Object;)Ljava/lang/Object;+4
j  org.springframework.beans.factory.support.AbstractBeanFactory$$Lambda$344+0x000001520122bb38.getObject()Ljava/lang/Object;+16
j  org.springframework.beans.factory.support.DefaultSingletonBeanRegistry.getSingleton(Ljava/lang/String;Lorg/springframework/beans/factory/ObjectFactory;)Ljava/lang/Object;+114
j  org.springframework.beans.factory.support.AbstractBeanFactory.doGetBean(Ljava/lang/String;Ljava/lang/Class;[Ljava/lang/Object;Z)Ljava/lang/Object;+476
j  org.springframework.beans.factory.support.AbstractBeanFactory.getBean(Ljava/lang/String;Ljava/lang/Class;)Ljava/lang/Object;+5
j  org.springframework.context.support.PostProcessorRegistrationDelegate.invokeBeanFactoryPostProcessors(Lorg/springframework/beans/factory/config/ConfigurableListableBeanFactory;Ljava/util/List;)V+184
j  org.springframework.context.support.AbstractApplicationContext.invokeBeanFactoryPostProcessors(Lorg/springframework/beans/factory/config/ConfigurableListableBeanFactory;)V+5
j  org.springframework.context.support.AbstractApplicationContext.refresh()V+62
j  org.springframework.boot.web.servlet.context.ServletWebServerApplicationContext.refresh()V+1
j  org.springframework.boot.SpringApplication.refresh(Lorg/springframework/context/ConfigurableApplicationContext;)V+1
j  org.springframework.boot.SpringApplication.refreshContext(Lorg/springframework/context/ConfigurableApplicationContext;)V+16
j  org.springframework.boot.SpringApplication.run([Ljava/lang/String;)Lorg/springframework/context/ConfigurableApplicationContext;+110
j  org.springframework.boot.SpringApplication.run([Ljava/lang/Class;[Ljava/lang/String;)Lorg/springframework/context/ConfigurableApplicationContext;+9
j  org.springframework.boot.SpringApplication.run(Ljava/lang/Class;[Ljava/lang/String;)Lorg/springframework/context/ConfigurableApplicationContext;+9
j  com.group2.smart_cafe_backend.SmartCafeBackendApplication.main([Ljava/lang/String;)V+3
v  ~StubRoutines::call_stub

---------------  P R O C E S S  ---------------

Threads class SMR info:
_java_thread_list=0x000001526ea00010, length=18, elements={
0x00000152575d3490, 0x00000152694c9ae0, 0x00000152694ca760, 0x00000152694d8130,
0x00000152694d8db0, 0x00000152694da780, 0x00000152694db140, 0x00000152694dbbb0,
0x00000152694dfab0, 0x00000152694b0fe0, 0x00000152694b1570, 0x00000152696c8be0,
0x0000015269a3b720, 0x0000015269a3bc00, 0x000001526e21d850, 0x000001526e6c34b0,
0x000001526e95e840, 0x000001526e994a80
}

Java Threads: ( => current thread )
=>0x00000152575d3490 JavaThread "main" [_thread_in_vm, id=18744, stack(0x0000002fef900000,0x0000002fefa00000)]
  0x00000152694c9ae0 JavaThread "Reference Handler" daemon [_thread_blocked, id=7096, stack(0x0000002ff0000000,0x0000002ff0100000)]
  0x00000152694ca760 JavaThread "Finalizer" daemon [_thread_blocked, id=6456, stack(0x0000002ff0100000,0x0000002ff0200000)]
  0x00000152694d8130 JavaThread "Signal Dispatcher" daemon [_thread_blocked, id=16448, stack(0x0000002ff0200000,0x0000002ff0300000)]
  0x00000152694d8db0 JavaThread "Attach Listener" daemon [_thread_blocked, id=7908, stack(0x0000002ff0300000,0x0000002ff0400000)]
  0x00000152694da780 JavaThread "Service Thread" daemon [_thread_blocked, id=1204, stack(0x0000002ff0400000,0x0000002ff0500000)]
  0x00000152694db140 JavaThread "Monitor Deflation Thread" daemon [_thread_blocked, id=11980, stack(0x0000002ff0500000,0x0000002ff0600000)]
  0x00000152694dbbb0 JavaThread "C1 CompilerThread0" daemon [_thread_blocked, id=2428, stack(0x0000002ff0600000,0x0000002ff0700000)]
  0x00000152694dfab0 JavaThread "Sweeper thread" daemon [_thread_blocked, id=5076, stack(0x0000002ff0700000,0x0000002ff0800000)]
  0x00000152694b0fe0 JavaThread "Common-Cleaner" daemon [_thread_blocked, id=14820, stack(0x0000002ff0800000,0x0000002ff0900000)]
  0x00000152694b1570 JavaThread "C1 CompilerThread1" daemon [_thread_blocked, id=14184, stack(0x0000002ff0900000,0x0000002ff0a00000)]
  0x00000152696c8be0 JavaThread "C1 CompilerThread2" daemon [_thread_blocked, id=17712, stack(0x0000002ff0a00000,0x0000002ff0b00000)]
  0x0000015269a3b720 JavaThread "Monitor Ctrl-Break" daemon [_thread_in_native, id=17344, stack(0x0000002ff0b00000,0x0000002ff0c00000)]
  0x0000015269a3bc00 JavaThread "Notification Thread" daemon [_thread_blocked, id=7224, stack(0x0000002ff0c00000,0x0000002ff0d00000)]
  0x000001526e21d850 JavaThread "RMI TCP Accept-0" daemon [_thread_in_native, id=9084, stack(0x0000002ff0d00000,0x0000002ff0e00000)]
  0x000001526e6c34b0 JavaThread "background-preinit" [_thread_in_vm, id=6884, stack(0x0000002ff1600000,0x0000002ff1700000)]
  0x000001526e95e840 JavaThread "RMI TCP Connection(1)-192.168.1.12" daemon [_thread_in_vm, id=17412, stack(0x0000002ff1800000,0x0000002ff1900000)]
  0x000001526e994a80 JavaThread "RMI Scheduler(0)" daemon [_thread_blocked, id=7336, stack(0x0000002ff1900000,0x0000002ff1a00000)]

Other Threads:
  0x00000152694c0fc0 VMThread "VM Thread" [stack: 0x0000002feff00000,0x0000002ff0000000] [id=11292]
  0x0000015257647330 WatcherThread [stack: 0x0000002ff0e00000,0x0000002ff0f00000] [id=15788]
  0x000001525762ede0 GCTaskThread "GC Thread#0" [stack: 0x0000002fefa00000,0x0000002fefb00000] [id=8976]
  0x000001526e56c860 GCTaskThread "GC Thread#1" [stack: 0x0000002ff0f00000,0x0000002ff1000000] [id=4432]
  0x000001526e56cb20 GCTaskThread "GC Thread#2" [stack: 0x0000002ff1000000,0x0000002ff1100000] [id=17808]
  0x000001526e5b3750 GCTaskThread "GC Thread#3" [stack: 0x0000002ff1100000,0x0000002ff1200000] [id=19396]
  0x000001526e5b3e20 GCTaskThread "GC Thread#4" [stack: 0x0000002ff1200000,0x0000002ff1300000] [id=3780]
  0x000001526e5b40e0 GCTaskThread "GC Thread#5" [stack: 0x0000002ff1300000,0x0000002ff1400000] [id=5656]
  0x000001526e5b4bc0 GCTaskThread "GC Thread#6" [stack: 0x0000002ff1400000,0x0000002ff1500000] [id=7896]
  0x000001526e76ee20 GCTaskThread "GC Thread#7" [stack: 0x0000002ff1700000,0x0000002ff1800000] [id=17160]
  0x000001525763f7b0 ConcurrentGCThread "G1 Main Marker" [stack: 0x0000002fefb00000,0x0000002fefc00000] [id=4640]
  0x0000015257640860 ConcurrentGCThread "G1 Conc#0" [stack: 0x0000002fefc00000,0x0000002fefd00000] [id=8044]
  0x000001525768ec10 ConcurrentGCThread "G1 Refine#0" [stack: 0x0000002fefd00000,0x0000002fefe00000] [id=11068]
  0x000001526e5b5b90 ConcurrentGCThread "G1 Refine#1" [stack: 0x0000002ff1500000,0x0000002ff1600000] [id=19252]
  0x000001526937c750 ConcurrentGCThread "G1 Service" [stack: 0x0000002fefe00000,0x0000002feff00000] [id=17704]

Threads with active compile tasks:

VM state: not at safepoint (normal execution)

VM Mutex/Monitor currently owned by a thread:  ([mutex/lock_event])
[0x00000152575c2b80] Metaspace_lock - owner thread: 0x00000152575d3490

Heap address: 0x0000000082400000, size: 2012 MB, Compressed Oops mode: 32-bit

CDS archive(s) mapped at: [0x0000015200000000-0x0000015200bd0000-0x0000015200bd0000), size 12386304, SharedBaseAddress: 0x0000015200000000, ArchiveRelocationMode: 1.
Compressed class space mapped at: 0x0000015201000000-0x0000015241000000, reserved size: 1073741824
Narrow klass base: 0x0000015200000000, Narrow klass shift: 0, Narrow klass range: 0x100000000

GC Precious Log:
 CPUs: 8 total, 8 available
 Memory: 8043M
 Large Page Support: Disabled
 NUMA Support: Disabled
 Compressed Oops: Enabled (32-bit)
 Heap Region Size: 1M
 Heap Min Capacity: 8M
 Heap Initial Capacity: 126M
 Heap Max Capacity: 2012M
 Pre-touch: Disabled
 Parallel Workers: 8
 Concurrent Workers: 2
 Concurrent Refinement Workers: 8
 Periodic GC: Disabled

Heap:
 garbage-first heap   total 129024K, used 26097K [0x0000000082400000, 0x0000000100000000)
  region size 1024K, 19 young (19456K), 2 survivors (2048K)
 Metaspace       used 15130K, committed 15360K, reserved 1114112K
  class space    used 2161K, committed 2304K, reserved 1048576K

Heap Regions: E=young(eden), S=young(survivor), O=old, HS=humongous(starts), HC=humongous(continues), CS=collection set, F=free, OA=open archive, CA=closed archive, TAMS=top-at-mark-start (previous, next)
|   0|0x0000000082400000, 0x0000000082500000, 0x0000000082500000|100%|HS|  |TAMS 0x0000000082400000, 0x0000000082400000| Complete 
|   1|0x0000000082500000, 0x0000000082600000, 0x0000000082600000|100%| O|  |TAMS 0x0000000082500000, 0x0000000082500000| Untracked 
|   2|0x0000000082600000, 0x0000000082700000, 0x0000000082700000|100%| O|  |TAMS 0x0000000082600000, 0x0000000082600000| Untracked 
|   3|0x0000000082700000, 0x0000000082800000, 0x0000000082800000|100%| O|  |TAMS 0x0000000082700000, 0x0000000082700000| Untracked 
|   4|0x0000000082800000, 0x0000000082900000, 0x0000000082900000|100%| O|  |TAMS 0x0000000082800000, 0x0000000082800000| Untracked 
|   5|0x0000000082900000, 0x0000000082a00000, 0x0000000082a00000|100%| O|  |TAMS 0x0000000082900000, 0x0000000082900000| Untracked 
|   6|0x0000000082a00000, 0x0000000082b00000, 0x0000000082b00000|100%| O|  |TAMS 0x0000000082a00000, 0x0000000082a00000| Untracked 
|   7|0x0000000082b00000, 0x0000000082b95600, 0x0000000082c00000| 58%| O|  |TAMS 0x0000000082b00000, 0x0000000082b00000| Untracked 
|   8|0x0000000082c00000, 0x0000000082c00000, 0x0000000082d00000|  0%| F|  |TAMS 0x0000000082c00000, 0x0000000082c00000| Untracked 
|   9|0x0000000082d00000, 0x0000000082d00000, 0x0000000082e00000|  0%| F|  |TAMS 0x0000000082d00000, 0x0000000082d00000| Untracked 
|  10|0x0000000082e00000, 0x0000000082e00000, 0x0000000082f00000|  0%| F|  |TAMS 0x0000000082e00000, 0x0000000082e00000| Untracked 
|  11|0x0000000082f00000, 0x0000000082f00000, 0x0000000083000000|  0%| F|  |TAMS 0x0000000082f00000, 0x0000000082f00000| Untracked 
|  12|0x0000000083000000, 0x0000000083000000, 0x0000000083100000|  0%| F|  |TAMS 0x0000000083000000, 0x0000000083000000| Untracked 
|  13|0x0000000083100000, 0x0000000083100000, 0x0000000083200000|  0%| F|  |TAMS 0x0000000083100000, 0x0000000083100000| Untracked 
|  14|0x0000000083200000, 0x0000000083200000, 0x0000000083300000|  0%| F|  |TAMS 0x0000000083200000, 0x0000000083200000| Untracked 
|  15|0x0000000083300000, 0x0000000083300000, 0x0000000083400000|  0%| F|  |TAMS 0x0000000083300000, 0x0000000083300000| Untracked 
|  16|0x0000000083400000, 0x0000000083400000, 0x0000000083500000|  0%| F|  |TAMS 0x0000000083400000, 0x0000000083400000| Untracked 
|  17|0x0000000083500000, 0x0000000083500000, 0x0000000083600000|  0%| F|  |TAMS 0x0000000083500000, 0x0000000083500000| Untracked 
|  18|0x0000000083600000, 0x0000000083600000, 0x0000000083700000|  0%| F|  |TAMS 0x0000000083600000, 0x0000000083600000| Untracked 
|  19|0x0000000083700000, 0x0000000083700000, 0x0000000083800000|  0%| F|  |TAMS 0x0000000083700000, 0x0000000083700000| Untracked 
|  20|0x0000000083800000, 0x0000000083800000, 0x0000000083900000|  0%| F|  |TAMS 0x0000000083800000, 0x0000000083800000| Untracked 
|  21|0x0000000083900000, 0x0000000083900000, 0x0000000083a00000|  0%| F|  |TAMS 0x0000000083900000, 0x0000000083900000| Untracked 
|  22|0x0000000083a00000, 0x0000000083a00000, 0x0000000083b00000|  0%| F|  |TAMS 0x0000000083a00000, 0x0000000083a00000| Untracked 
|  23|0x0000000083b00000, 0x0000000083b00000, 0x0000000083c00000|  0%| F|  |TAMS 0x0000000083b00000, 0x0000000083b00000| Untracked 
|  24|0x0000000083c00000, 0x0000000083c00000, 0x0000000083d00000|  0%| F|  |TAMS 0x0000000083c00000, 0x0000000083c00000| Untracked 
|  25|0x0000000083d00000, 0x0000000083d00000, 0x0000000083e00000|  0%| F|  |TAMS 0x0000000083d00000, 0x0000000083d00000| Untracked 
|  26|0x0000000083e00000, 0x0000000083e00000, 0x0000000083f00000|  0%| F|  |TAMS 0x0000000083e00000, 0x0000000083e00000| Untracked 
|  27|0x0000000083f00000, 0x0000000083f00000, 0x0000000084000000|  0%| F|  |TAMS 0x0000000083f00000, 0x0000000083f00000| Untracked 
|  28|0x0000000084000000, 0x0000000084000000, 0x0000000084100000|  0%| F|  |TAMS 0x0000000084000000, 0x0000000084000000| Untracked 
|  29|0x0000000084100000, 0x0000000084100000, 0x0000000084200000|  0%| F|  |TAMS 0x0000000084100000, 0x0000000084100000| Untracked 
|  30|0x0000000084200000, 0x0000000084200000, 0x0000000084300000|  0%| F|  |TAMS 0x0000000084200000, 0x0000000084200000| Untracked 
|  31|0x0000000084300000, 0x0000000084300000, 0x0000000084400000|  0%| F|  |TAMS 0x0000000084300000, 0x0000000084300000| Untracked 
|  32|0x0000000084400000, 0x0000000084400000, 0x0000000084500000|  0%| F|  |TAMS 0x0000000084400000, 0x0000000084400000| Untracked 
|  33|0x0000000084500000, 0x0000000084500000, 0x0000000084600000|  0%| F|  |TAMS 0x0000000084500000, 0x0000000084500000| Untracked 
|  34|0x0000000084600000, 0x0000000084600000, 0x0000000084700000|  0%| F|  |TAMS 0x0000000084600000, 0x0000000084600000| Untracked 
|  35|0x0000000084700000, 0x0000000084700000, 0x0000000084800000|  0%| F|  |TAMS 0x0000000084700000, 0x0000000084700000| Untracked 
|  36|0x0000000084800000, 0x0000000084800000, 0x0000000084900000|  0%| F|  |TAMS 0x0000000084800000, 0x0000000084800000| Untracked 
|  37|0x0000000084900000, 0x0000000084900000, 0x0000000084a00000|  0%| F|  |TAMS 0x0000000084900000, 0x0000000084900000| Untracked 
|  38|0x0000000084a00000, 0x0000000084a00000, 0x0000000084b00000|  0%| F|  |TAMS 0x0000000084a00000, 0x0000000084a00000| Untracked 
|  39|0x0000000084b00000, 0x0000000084b00000, 0x0000000084c00000|  0%| F|  |TAMS 0x0000000084b00000, 0x0000000084b00000| Untracked 
|  40|0x0000000084c00000, 0x0000000084c00000, 0x0000000084d00000|  0%| F|  |TAMS 0x0000000084c00000, 0x0000000084c00000| Untracked 
|  41|0x0000000084d00000, 0x0000000084d00000, 0x0000000084e00000|  0%| F|  |TAMS 0x0000000084d00000, 0x0000000084d00000| Untracked 
|  42|0x0000000084e00000, 0x0000000084e00000, 0x0000000084f00000|  0%| F|  |TAMS 0x0000000084e00000, 0x0000000084e00000| Untracked 
|  43|0x0000000084f00000, 0x0000000084f00000, 0x0000000085000000|  0%| F|  |TAMS 0x0000000084f00000, 0x0000000084f00000| Untracked 
|  44|0x0000000085000000, 0x0000000085000000, 0x0000000085100000|  0%| F|  |TAMS 0x0000000085000000, 0x0000000085000000| Untracked 
|  45|0x0000000085100000, 0x0000000085100000, 0x0000000085200000|  0%| F|  |TAMS 0x0000000085100000, 0x0000000085100000| Untracked 
|  46|0x0000000085200000, 0x0000000085200000, 0x0000000085300000|  0%| F|  |TAMS 0x0000000085200000, 0x0000000085200000| Untracked 
|  47|0x0000000085300000, 0x0000000085300000, 0x0000000085400000|  0%| F|  |TAMS 0x0000000085300000, 0x0000000085300000| Untracked 
|  48|0x0000000085400000, 0x0000000085400000, 0x0000000085500000|  0%| F|  |TAMS 0x0000000085400000, 0x0000000085400000| Untracked 
|  49|0x0000000085500000, 0x0000000085500000, 0x0000000085600000|  0%| F|  |TAMS 0x0000000085500000, 0x0000000085500000| Untracked 
|  50|0x0000000085600000, 0x0000000085600000, 0x0000000085700000|  0%| F|  |TAMS 0x0000000085600000, 0x0000000085600000| Untracked 
|  51|0x0000000085700000, 0x0000000085700000, 0x0000000085800000|  0%| F|  |TAMS 0x0000000085700000, 0x0000000085700000| Untracked 
|  52|0x0000000085800000, 0x0000000085800000, 0x0000000085900000|  0%| F|  |TAMS 0x0000000085800000, 0x0000000085800000| Untracked 
|  53|0x0000000085900000, 0x0000000085900000, 0x0000000085a00000|  0%| F|  |TAMS 0x0000000085900000, 0x0000000085900000| Untracked 
|  54|0x0000000085a00000, 0x0000000085a00000, 0x0000000085b00000|  0%| F|  |TAMS 0x0000000085a00000, 0x0000000085a00000| Untracked 
|  55|0x0000000085b00000, 0x0000000085b00000, 0x0000000085c00000|  0%| F|  |TAMS 0x0000000085b00000, 0x0000000085b00000| Untracked 
|  56|0x0000000085c00000, 0x0000000085c00000, 0x0000000085d00000|  0%| F|  |TAMS 0x0000000085c00000, 0x0000000085c00000| Untracked 
|  57|0x0000000085d00000, 0x0000000085d00000, 0x0000000085e00000|  0%| F|  |TAMS 0x0000000085d00000, 0x0000000085d00000| Untracked 
|  58|0x0000000085e00000, 0x0000000085e00000, 0x0000000085f00000|  0%| F|  |TAMS 0x0000000085e00000, 0x0000000085e00000| Untracked 
|  59|0x0000000085f00000, 0x0000000085f00000, 0x0000000086000000|  0%| F|  |TAMS 0x0000000085f00000, 0x0000000085f00000| Untracked 
|  60|0x0000000086000000, 0x0000000086000000, 0x0000000086100000|  0%| F|  |TAMS 0x0000000086000000, 0x0000000086000000| Untracked 
|  61|0x0000000086100000, 0x0000000086100000, 0x0000000086200000|  0%| F|  |TAMS 0x0000000086100000, 0x0000000086100000| Untracked 
|  62|0x0000000086200000, 0x0000000086200000, 0x0000000086300000|  0%| F|  |TAMS 0x0000000086200000, 0x0000000086200000| Untracked 
|  63|0x0000000086300000, 0x0000000086300000, 0x0000000086400000|  0%| F|  |TAMS 0x0000000086300000, 0x0000000086300000| Untracked 
|  64|0x0000000086400000, 0x0000000086400000, 0x0000000086500000|  0%| F|  |TAMS 0x0000000086400000, 0x0000000086400000| Untracked 
|  65|0x0000000086500000, 0x0000000086500000, 0x0000000086600000|  0%| F|  |TAMS 0x0000000086500000, 0x0000000086500000| Untracked 
|  66|0x0000000086600000, 0x0000000086600000, 0x0000000086700000|  0%| F|  |TAMS 0x0000000086600000, 0x0000000086600000| Untracked 
|  67|0x0000000086700000, 0x0000000086700000, 0x0000000086800000|  0%| F|  |TAMS 0x0000000086700000, 0x0000000086700000| Untracked 
|  68|0x0000000086800000, 0x0000000086800000, 0x0000000086900000|  0%| F|  |TAMS 0x0000000086800000, 0x0000000086800000| Untracked 
|  69|0x0000000086900000, 0x0000000086900000, 0x0000000086a00000|  0%| F|  |TAMS 0x0000000086900000, 0x0000000086900000| Untracked 
|  70|0x0000000086a00000, 0x0000000086a00000, 0x0000000086b00000|  0%| F|  |TAMS 0x0000000086a00000, 0x0000000086a00000| Untracked 
|  71|0x0000000086b00000, 0x0000000086b00000, 0x0000000086c00000|  0%| F|  |TAMS 0x0000000086b00000, 0x0000000086b00000| Untracked 
|  72|0x0000000086c00000, 0x0000000086c00000, 0x0000000086d00000|  0%| F|  |TAMS 0x0000000086c00000, 0x0000000086c00000| Untracked 
|  73|0x0000000086d00000, 0x0000000086d00000, 0x0000000086e00000|  0%| F|  |TAMS 0x0000000086d00000, 0x0000000086d00000| Untracked 
|  74|0x0000000086e00000, 0x0000000086e00000, 0x0000000086f00000|  0%| F|  |TAMS 0x0000000086e00000, 0x0000000086e00000| Untracked 
|  75|0x0000000086f00000, 0x0000000086f00000, 0x0000000087000000|  0%| F|  |TAMS 0x0000000086f00000, 0x0000000086f00000| Untracked 
|  76|0x0000000087000000, 0x0000000087000000, 0x0000000087100000|  0%| F|  |TAMS 0x0000000087000000, 0x0000000087000000| Untracked 
|  77|0x0000000087100000, 0x0000000087100000, 0x0000000087200000|  0%| F|  |TAMS 0x0000000087100000, 0x0000000087100000| Untracked 
|  78|0x0000000087200000, 0x0000000087200000, 0x0000000087300000|  0%| F|  |TAMS 0x0000000087200000, 0x0000000087200000| Untracked 
|  79|0x0000000087300000, 0x0000000087300000, 0x0000000087400000|  0%| F|  |TAMS 0x0000000087300000, 0x0000000087300000| Untracked 
|  80|0x0000000087400000, 0x0000000087400000, 0x0000000087500000|  0%| F|  |TAMS 0x0000000087400000, 0x0000000087400000| Untracked 
|  81|0x0000000087500000, 0x0000000087500000, 0x0000000087600000|  0%| F|  |TAMS 0x0000000087500000, 0x0000000087500000| Untracked 
|  82|0x0000000087600000, 0x0000000087600000, 0x0000000087700000|  0%| F|  |TAMS 0x0000000087600000, 0x0000000087600000| Untracked 
|  83|0x0000000087700000, 0x0000000087700000, 0x0000000087800000|  0%| F|  |TAMS 0x0000000087700000, 0x0000000087700000| Untracked 
|  84|0x0000000087800000, 0x0000000087800000, 0x0000000087900000|  0%| F|  |TAMS 0x0000000087800000, 0x0000000087800000| Untracked 
|  85|0x0000000087900000, 0x0000000087900000, 0x0000000087a00000|  0%| F|  |TAMS 0x0000000087900000, 0x0000000087900000| Untracked 
|  86|0x0000000087a00000, 0x0000000087a00000, 0x0000000087b00000|  0%| F|  |TAMS 0x0000000087a00000, 0x0000000087a00000| Untracked 
|  87|0x0000000087b00000, 0x0000000087b00000, 0x0000000087c00000|  0%| F|  |TAMS 0x0000000087b00000, 0x0000000087b00000| Untracked 
|  88|0x0000000087c00000, 0x0000000087c00000, 0x0000000087d00000|  0%| F|  |TAMS 0x0000000087c00000, 0x0000000087c00000| Untracked 
|  89|0x0000000087d00000, 0x0000000087d00000, 0x0000000087e00000|  0%| F|  |TAMS 0x0000000087d00000, 0x0000000087d00000| Untracked 
|  90|0x0000000087e00000, 0x0000000087e00000, 0x0000000087f00000|  0%| F|  |TAMS 0x0000000087e00000, 0x0000000087e00000| Untracked 
|  91|0x0000000087f00000, 0x0000000087f00000, 0x0000000088000000|  0%| F|  |TAMS 0x0000000087f00000, 0x0000000087f00000| Untracked 
|  92|0x0000000088000000, 0x0000000088000000, 0x0000000088100000|  0%| F|  |TAMS 0x0000000088000000, 0x0000000088000000| Untracked 
|  93|0x0000000088100000, 0x0000000088100000, 0x0000000088200000|  0%| F|  |TAMS 0x0000000088100000, 0x0000000088100000| Untracked 
|  94|0x0000000088200000, 0x0000000088200000, 0x0000000088300000|  0%| F|  |TAMS 0x0000000088200000, 0x0000000088200000| Untracked 
|  95|0x0000000088300000, 0x0000000088300000, 0x0000000088400000|  0%| F|  |TAMS 0x0000000088300000, 0x0000000088300000| Untracked 
|  96|0x0000000088400000, 0x0000000088400000, 0x0000000088500000|  0%| F|  |TAMS 0x0000000088400000, 0x0000000088400000| Untracked 
|  97|0x0000000088500000, 0x0000000088500000, 0x0000000088600000|  0%| F|  |TAMS 0x0000000088500000, 0x0000000088500000| Untracked 
|  98|0x0000000088600000, 0x00000000886e7018, 0x0000000088700000| 90%| S|CS|TAMS 0x0000000088600000, 0x0000000088600000| Complete 
|  99|0x0000000088700000, 0x0000000088800000, 0x0000000088800000|100%| S|CS|TAMS 0x0000000088700000, 0x0000000088700000| Complete 
| 100|0x0000000088800000, 0x0000000088800000, 0x0000000088900000|  0%| F|  |TAMS 0x0000000088800000, 0x0000000088800000| Untracked 
| 101|0x0000000088900000, 0x0000000088900000, 0x0000000088a00000|  0%| F|  |TAMS 0x0000000088900000, 0x0000000088900000| Untracked 
| 102|0x0000000088a00000, 0x0000000088a00000, 0x0000000088b00000|  0%| F|  |TAMS 0x0000000088a00000, 0x0000000088a00000| Untracked 
| 103|0x0000000088b00000, 0x0000000088b00000, 0x0000000088c00000|  0%| F|  |TAMS 0x0000000088b00000, 0x0000000088b00000| Untracked 
| 104|0x0000000088c00000, 0x0000000088c00000, 0x0000000088d00000|  0%| F|  |TAMS 0x0000000088c00000, 0x0000000088c00000| Untracked 
| 105|0x0000000088d00000, 0x0000000088d00000, 0x0000000088e00000|  0%| F|  |TAMS 0x0000000088d00000, 0x0000000088d00000| Untracked 
| 106|0x0000000088e00000, 0x0000000088e00000, 0x0000000088f00000|  0%| F|  |TAMS 0x0000000088e00000, 0x0000000088e00000| Untracked 
| 107|0x0000000088f00000, 0x0000000088f00000, 0x0000000089000000|  0%| F|  |TAMS 0x0000000088f00000, 0x0000000088f00000| Untracked 
| 108|0x0000000089000000, 0x0000000089000000, 0x0000000089100000|  0%| F|  |TAMS 0x0000000089000000, 0x0000000089000000| Untracked 
| 109|0x0000000089100000, 0x00000000891bc168, 0x0000000089200000| 73%| E|  |TAMS 0x0000000089100000, 0x0000000089100000| Complete 
| 110|0x0000000089200000, 0x0000000089300000, 0x0000000089300000|100%| E|CS|TAMS 0x0000000089200000, 0x0000000089200000| Complete 
| 111|0x0000000089300000, 0x0000000089400000, 0x0000000089400000|100%| E|CS|TAMS 0x0000000089300000, 0x0000000089300000| Complete 
| 112|0x0000000089400000, 0x0000000089500000, 0x0000000089500000|100%| E|CS|TAMS 0x0000000089400000, 0x0000000089400000| Complete 
| 113|0x0000000089500000, 0x0000000089600000, 0x0000000089600000|100%| E|CS|TAMS 0x0000000089500000, 0x0000000089500000| Complete 
| 114|0x0000000089600000, 0x0000000089700000, 0x0000000089700000|100%| E|CS|TAMS 0x0000000089600000, 0x0000000089600000| Complete 
| 115|0x0000000089700000, 0x0000000089800000, 0x0000000089800000|100%| E|CS|TAMS 0x0000000089700000, 0x0000000089700000| Complete 
| 116|0x0000000089800000, 0x0000000089900000, 0x0000000089900000|100%| E|CS|TAMS 0x0000000089800000, 0x0000000089800000| Complete 
| 117|0x0000000089900000, 0x0000000089a00000, 0x0000000089a00000|100%| E|CS|TAMS 0x0000000089900000, 0x0000000089900000| Complete 
| 118|0x0000000089a00000, 0x0000000089b00000, 0x0000000089b00000|100%| E|CS|TAMS 0x0000000089a00000, 0x0000000089a00000| Complete 
| 119|0x0000000089b00000, 0x0000000089c00000, 0x0000000089c00000|100%| E|CS|TAMS 0x0000000089b00000, 0x0000000089b00000| Complete 
| 120|0x0000000089c00000, 0x0000000089d00000, 0x0000000089d00000|100%| E|CS|TAMS 0x0000000089c00000, 0x0000000089c00000| Complete 
| 121|0x0000000089d00000, 0x0000000089e00000, 0x0000000089e00000|100%| E|CS|TAMS 0x0000000089d00000, 0x0000000089d00000| Complete 
| 122|0x0000000089e00000, 0x0000000089f00000, 0x0000000089f00000|100%| E|CS|TAMS 0x0000000089e00000, 0x0000000089e00000| Complete 
| 123|0x0000000089f00000, 0x000000008a000000, 0x000000008a000000|100%| E|CS|TAMS 0x0000000089f00000, 0x0000000089f00000| Complete 
| 124|0x000000008a000000, 0x000000008a100000, 0x000000008a100000|100%| E|CS|TAMS 0x000000008a000000, 0x000000008a000000| Complete 
| 125|0x000000008a100000, 0x000000008a200000, 0x000000008a200000|100%| E|CS|TAMS 0x000000008a100000, 0x000000008a100000| Complete 

Card table byte_map: [0x0000015262370000,0x0000015262760000] _byte_map_base: 0x0000015261f5e000

Marking Bits (Prev, Next): (CMBitMap*) 0x000001525762f300, (CMBitMap*) 0x000001525762f340
 Prev Bits: [0x0000015262b50000, 0x0000015264ac0000)
 Next Bits: [0x0000015264ac0000, 0x0000015266a30000)

Polling page: 0x00000152555a0000

Metaspace:

Usage:
  Non-class:     12.67 MB used.
      Class:      2.11 MB used.
       Both:     14.78 MB used.

Virtual space:
  Non-class space:       64.00 MB reserved,      12.75 MB ( 20%) committed,  1 nodes.
      Class space:        1.00 GB reserved,       2.25 MB ( <1%) committed,  1 nodes.
             Both:        1.06 GB reserved,      15.00 MB (  1%) committed. 

Chunk freelists:
   Non-Class:  3.23 MB
       Class:  13.56 MB
        Both:  16.80 MB

MaxMetaspaceSize: unlimited
CompressedClassSpaceSize: 1.00 GB
Initial GC threshold: 21.00 MB
Current GC threshold: 21.00 MB
CDS: on
MetaspaceReclaimPolicy: balanced
 - commit_granule_bytes: 65536.
 - commit_granule_words: 8192.
 - virtual_space_node_default_size: 8388608.
 - enlarge_chunks_in_place: 1.
 - new_chunks_are_fully_committed: 0.
 - uncommit_free_chunks: 1.
 - use_allocation_guard: 0.
 - handle_deallocations: 1.


Internal statistics:

num_allocs_failed_limit: 0.
num_arena_births: 286.
num_arena_deaths: 0.
num_vsnodes_births: 2.
num_vsnodes_deaths: 0.
num_space_committed: 240.
num_space_uncommitted: 0.
num_chunks_returned_to_freelist: 0.
num_chunks_taken_from_freelist: 724.
num_chunk_merges: 0.
num_chunk_splits: 471.
num_chunks_enlarged: 337.
num_inconsistent_stats: 0.

CodeCache: size=49152Kb used=5343Kb max_used=5343Kb free=43809Kb
 bounds [0x000001525ee70000, 0x000001525f3b0000, 0x0000015261e70000]
 total_blobs=2564 nmethods=2075 adapters=414
 compilation: enabled
              stopped_count=0, restarted_count=0
 full_count=0

Compilation events (20 events):
Event: 3.037 Thread 0x00000152694dbbb0 2066       1       org.springframework.core.annotation.AnnotationFilter::matches (11 bytes)
Event: 3.037 Thread 0x00000152694dbbb0 nmethod 2066 0x000001525f3a2490 code [0x000001525f3a2640, 0x000001525f3a2778]
Event: 3.039 Thread 0x00000152696c8be0 2067       1       ch.qos.logback.classic.spi.LogbackServiceProvider::getLoggerFactory (5 bytes)
Event: 3.039 Thread 0x00000152696c8be0 nmethod 2067 0x000001525f3a2890 code [0x000001525f3a2a20, 0x000001525f3a2af8]
Event: 3.134 Thread 0x00000152696c8be0 2068       1       org.springframework.util.ConcurrentReferenceHashMap$ReferenceManager::createReference (43 bytes)
Event: 3.134 Thread 0x00000152694b1570 2069       1       org.springframework.util.ConcurrentReferenceHashMap$SoftEntryReference::<init> (18 bytes)
Event: 3.134 Thread 0x00000152696c8be0 nmethod 2068 0x000001525f3a2e90 code [0x000001525f3a3040, 0x000001525f3a3388]
Event: 3.134 Thread 0x00000152696c8be0 2070       1       jdk.internal.loader.AbstractClassLoaderValue::<init> (5 bytes)
Event: 3.134 Thread 0x00000152696c8be0 nmethod 2070 0x000001525f3a3490 code [0x000001525f3a3620, 0x000001525f3a36d8]
Event: 3.134 Thread 0x00000152694b1570 nmethod 2069 0x000001525f3a3790 code [0x000001525f3a3920, 0x000001525f3a3b38]
Event: 3.135 Thread 0x00000152694dbbb0 2071       1       jdk.internal.loader.AbstractClassLoaderValue::sub (10 bytes)
Event: 3.135 Thread 0x00000152694dbbb0 nmethod 2071 0x000001525f3a3b90 code [0x000001525f3a3d20, 0x000001525f3a3ed8]
Event: 3.135 Thread 0x00000152694b1570 2072       1       jdk.internal.loader.AbstractClassLoaderValue$Sub::<init> (15 bytes)
Event: 3.135 Thread 0x00000152694b1570 nmethod 2072 0x000001525f3a3f90 code [0x000001525f3a4120, 0x000001525f3a4278]
Event: 3.135 Thread 0x00000152696c8be0 2073       1       java.lang.ClassLoader::createOrGetClassLoaderValueMap (37 bytes)
Event: 3.136 Thread 0x00000152694dbbb0 2074       1       java.lang.Class::isAnnotation (17 bytes)
Event: 3.136 Thread 0x00000152696c8be0 nmethod 2073 0x000001525f3a4310 code [0x000001525f3a44a0, 0x000001525f3a4628]
Event: 3.136 Thread 0x00000152694dbbb0 nmethod 2074 0x000001525f3a4710 code [0x000001525f3a48a0, 0x000001525f3a4998]
Event: 3.144 Thread 0x00000152696c8be0 2075 % !   1       java.util.concurrent.ConcurrentHashMap::transfer @ 96 (849 bytes)
Event: 3.147 Thread 0x00000152696c8be0 nmethod 2075% 0x000001525f3a4a10 code [0x000001525f3a4d20, 0x000001525f3a69c8]

GC Heap History (4 events):
Event: 1.060 GC heap before
{Heap before GC invocations=0 (full 0):
 garbage-first heap   total 129024K, used 23552K [0x0000000082400000, 0x0000000100000000)
  region size 1024K, 23 young (23552K), 0 survivors (0K)
 Metaspace       used 7074K, committed 7232K, reserved 1114112K
  class space    used 898K, committed 960K, reserved 1048576K
}
Event: 1.070 GC heap after
{Heap after GC invocations=1 (full 0):
 garbage-first heap   total 129024K, used 7989K [0x0000000082400000, 0x0000000100000000)
  region size 1024K, 3 young (3072K), 3 survivors (3072K)
 Metaspace       used 7074K, committed 7232K, reserved 1114112K
  class space    used 898K, committed 960K, reserved 1048576K
}
Event: 2.175 GC heap before
{Heap before GC invocations=1 (full 0):
 garbage-first heap   total 129024K, used 30517K [0x0000000082400000, 0x0000000100000000)
  region size 1024K, 26 young (26624K), 3 survivors (3072K)
 Metaspace       used 11739K, committed 12032K, reserved 1114112K
  class space    used 1593K, committed 1728K, reserved 1048576K
}
Event: 2.182 GC heap after
{Heap after GC invocations=2 (full 0):
 garbage-first heap   total 129024K, used 9713K [0x0000000082400000, 0x0000000100000000)
  region size 1024K, 2 young (2048K), 2 survivors (2048K)
 Metaspace       used 11739K, committed 12032K, reserved 1114112K
  class space    used 1593K, committed 1728K, reserved 1048576K
}

Deoptimization events (0 events):
No events

Classes unloaded (0 events):
No events

Classes redefined (0 events):
No events

Internal exceptions (20 events):
Event: 1.367 Thread 0x00000152575d3490 Exception <a 'java/lang/NoSuchMethodError'{0x00000000898d0b68}: 'java.lang.Object java.lang.invoke.DirectMethodHandle$Holder.invokeSpecial(java.lang.Object, java.lang.Object, java.lang.Object, int, java.lang.Object)'> (0x00000000898d0b68) 
thrown [s\open\src\hotspot\share\interpreter\linkResolver.cpp, line 759]
Event: 1.367 Thread 0x00000152575d3490 Exception <a 'java/lang/NoSuchMethodError'{0x00000000898d91c8}: 'java.lang.Object java.lang.invoke.DirectMethodHandle$Holder.newInvokeSpecial(java.lang.Object, java.lang.Object, java.lang.Object, int, java.lang.Object)'> (0x00000000898d91c8) 
thrown [s\open\src\hotspot\share\interpreter\linkResolver.cpp, line 759]
Event: 1.368 Thread 0x00000152575d3490 Exception <a 'java/lang/NoSuchMethodError'{0x00000000898e0b98}: 'java.lang.Object java.lang.invoke.Invokers$Holder.linkToTargetMethod(java.lang.Object, java.lang.Object, int, java.lang.Object, java.lang.Object)'> (0x00000000898e0b98) 
thrown [s\open\src\hotspot\share\interpreter\linkResolver.cpp, line 759]
Event: 1.370 Thread 0x00000152575d3490 Exception <a 'java/lang/NoSuchMethodError'{0x00000000898f07d0}: 'java.lang.Object java.lang.invoke.DirectMethodHandle$Holder.newInvokeSpecial(java.lang.Object, int, java.lang.Object)'> (0x00000000898f07d0) 
thrown [s\open\src\hotspot\share\interpreter\linkResolver.cpp, line 759]
Event: 1.370 Thread 0x00000152575d3490 Exception <a 'java/lang/NoSuchMethodError'{0x00000000898f5210}: 'int java.lang.invoke.DirectMethodHandle$Holder.invokeSpecialIFC(java.lang.Object, java.lang.Object, java.lang.Object, java.lang.Object)'> (0x00000000898f5210) 
thrown [s\open\src\hotspot\share\interpreter\linkResolver.cpp, line 759]
Event: 1.428 Thread 0x00000152575d3490 Exception <a 'java/lang/NoSuchMethodError'{0x00000000897fa6d0}: 'void java.lang.invoke.DirectMethodHandle$Holder.invokeInterface(java.lang.Object, java.lang.Object, java.lang.Object)'> (0x00000000897fa6d0) 
thrown [s\open\src\hotspot\share\interpreter\linkResolver.cpp, line 759]
Event: 1.497 Thread 0x00000152575d3490 Exception <a 'java/lang/NoSuchMethodError'{0x000000008968a6f0}: 'java.lang.Object java.lang.invoke.DirectMethodHandle$Holder.invokeVirtual(java.lang.Object, java.lang.Object, java.lang.Object)'> (0x000000008968a6f0) 
thrown [s\open\src\hotspot\share\interpreter\linkResolver.cpp, line 759]
Event: 1.565 Thread 0x00000152575d3490 Exception <a 'java/lang/NoSuchMethodError'{0x0000000089574e48}: 'void java.lang.invoke.DirectMethodHandle$Holder.invokeStatic(java.lang.Object, java.lang.Object, int)'> (0x0000000089574e48) 
thrown [s\open\src\hotspot\share\interpreter\linkResolver.cpp, line 759]
Event: 1.570 Thread 0x00000152575d3490 Exception <a 'java/lang/NoSuchMethodError'{0x000000008958d3b0}: 'void java.lang.invoke.DirectMethodHandle$Holder.invokeStaticInit(java.lang.Object, java.lang.Object, java.lang.Object)'> (0x000000008958d3b0) 
thrown [s\open\src\hotspot\share\interpreter\linkResolver.cpp, line 759]
Event: 1.590 Thread 0x00000152575d3490 Exception <a 'java/lang/NoSuchMethodError'{0x00000000895e2bb0}: 'java.lang.Object java.lang.invoke.DirectMethodHandle$Holder.invokeStatic(java.lang.Object, java.lang.Object, long, java.lang.Object)'> (0x00000000895e2bb0) 
thrown [s\open\src\hotspot\share\interpreter\linkResolver.cpp, line 759]
Event: 1.590 Thread 0x00000152575d3490 Exception <a 'java/lang/NoSuchMethodError'{0x00000000895e6648}: 'java.lang.Object java.lang.invoke.DirectMethodHandle$Holder.invokeStaticInit(java.lang.Object, java.lang.Object, long, java.lang.Object)'> (0x00000000895e6648) 
thrown [s\open\src\hotspot\share\interpreter\linkResolver.cpp, line 759]
Event: 1.591 Thread 0x00000152575d3490 Exception <a 'java/lang/NoSuchMethodError'{0x00000000895ecc58}: 'java.lang.Object java.lang.invoke.DirectMethodHandle$Holder.newInvokeSpecial(java.lang.Object, java.lang.Object, long)'> (0x00000000895ecc58) 
thrown [s\open\src\hotspot\share\interpreter\linkResolver.cpp, line 759]
Event: 1.591 Thread 0x00000152575d3490 Exception <a 'java/lang/NoSuchMethodError'{0x00000000895f07c8}: 'java.lang.Object java.lang.invoke.Invokers$Holder.linkToTargetMethod(java.lang.Object, long, java.lang.Object)'> (0x00000000895f07c8) 
thrown [s\open\src\hotspot\share\interpreter\linkResolver.cpp, line 759]
Event: 1.606 Thread 0x00000152575d3490 Exception <a 'java/lang/NoSuchMethodError'{0x000000008945a9b0}: 'void java.lang.invoke.DirectMethodHandle$Holder.invokeVirtual(java.lang.Object, java.lang.Object, java.lang.Object, java.lang.Object)'> (0x000000008945a9b0) 
thrown [s\open\src\hotspot\share\interpreter\linkResolver.cpp, line 759]
Event: 1.753 Thread 0x00000152575d3490 Exception <a 'java/lang/NoSuchMethodError'{0x0000000089238e48}: 'void java.lang.invoke.DirectMethodHandle$Holder.invokeSpecial(java.lang.Object, java.lang.Object, java.lang.Object)'> (0x0000000089238e48) 
thrown [s\open\src\hotspot\share\interpreter\linkResolver.cpp, line 759]
Event: 1.827 Thread 0x00000152575d3490 Exception <a 'java/lang/IncompatibleClassChangeError'{0x000000008926d638}: Found class java.lang.Object, but interface was expected> (0x000000008926d638) 
thrown [s\open\src\hotspot\share\interpreter\linkResolver.cpp, line 826]
Event: 2.665 Thread 0x000001526e95e840 Exception <a 'java/lang/NoSuchMethodError'{0x00000000899e0788}: static [B.<clinit>()V> (0x00000000899e0788) 
thrown [s\open\src\hotspot\share\prims\jni.cpp, line 1107]
Event: 2.954 Thread 0x000001526e95e840 Exception <a 'java/lang/ClassNotFoundException'{0x0000000089590bd0}: javax/management/remote/rmi/RMIConnectionImpl_Skel> (0x0000000089590bd0) 
thrown [s\open\src\hotspot\share\classfile\systemDictionary.cpp, line 256]
Event: 3.000 Thread 0x000001526e95e840 Exception <a 'java/lang/reflect/InvocationTargetException'{0x000000008937ac20}> (0x000000008937ac20) 
thrown [s\open\src\hotspot\share\runtime\reflection.cpp, line 1121]
Event: 3.005 Thread 0x000001526e95e840 Exception <a 'java/lang/NoSuchMethodError'{0x00000000893a4880}: static [Ljava/lang/StackTraceElement;.<clinit>()V> (0x00000000893a4880) 
thrown [s\open\src\hotspot\share\prims\jni.cpp, line 1107]

VM Operations (20 events):
Event: 0.554 Executing VM operation: HandshakeAllThreads
Event: 0.554 Executing VM operation: HandshakeAllThreads done
Event: 1.060 Executing VM operation: G1CollectForAllocation
Event: 1.070 Executing VM operation: G1CollectForAllocation done
Event: 1.089 Executing VM operation: HandshakeAllThreads
Event: 1.089 Executing VM operation: HandshakeAllThreads done
Event: 1.321 Executing VM operation: HandshakeAllThreads
Event: 1.321 Executing VM operation: HandshakeAllThreads done
Event: 1.641 Executing VM operation: HandshakeAllThreads
Event: 1.641 Executing VM operation: HandshakeAllThreads done
Event: 1.661 Executing VM operation: HandshakeAllThreads
Event: 1.661 Executing VM operation: HandshakeAllThreads done
Event: 1.763 Executing VM operation: ICBufferFull
Event: 1.798 Executing VM operation: ICBufferFull done
Event: 2.175 Executing VM operation: G1CollectForAllocation
Event: 2.183 Executing VM operation: G1CollectForAllocation done
Event: 2.893 Executing VM operation: HandshakeAllThreads
Event: 2.935 Executing VM operation: HandshakeAllThreads done
Event: 3.136 Executing VM operation: HandshakeAllThreads
Event: 3.137 Executing VM operation: HandshakeAllThreads done

Events (20 events):
Event: 3.008 loading class java/rmi/AccessException
Event: 3.008 loading class java/rmi/AccessException done
Event: 3.015 loading class java/rmi/server/UnicastRemoteObject
Event: 3.015 loading class java/rmi/server/UnicastRemoteObject done
Event: 3.076 Thread 0x000001526e9cb0e0 Thread exited: 0x000001526e9cb0e0
Event: 3.120 loading class javax/xml/transform/Result
Event: 3.120 loading class javax/xml/transform/Result done
Event: 3.122 loading class java/io/StringReader
Event: 3.122 loading class java/io/StringReader done
Event: 3.140 loading class sun/invoke/util/VerifyAccess$1
Event: 3.141 loading class sun/invoke/util/VerifyAccess$1 done
Event: 3.143 loading class javax/xml/transform/TransformerFactory
Event: 3.143 loading class javax/xml/transform/TransformerFactory done
Event: 3.144 loading class javax/xml/transform/FactoryFinder
Event: 3.149 loading class javax/xml/transform/FactoryFinder done
Event: 3.149 loading class jdk/xml/internal/SecuritySupport
Event: 3.151 loading class jdk/xml/internal/SecuritySupport done
Event: 3.156 loading class javax/xml/transform/FactoryFinder$1
Event: 3.156 loading class javax/xml/transform/FactoryFinder$1 done
Event: 3.157 loading class com/sun/org/apache/xalan/internal/xsltc/trax/TransformerFactoryImpl


Dynamic libraries:
0x00007ff6d1f00000 - 0x00007ff6d1f10000 	C:\Program Files\Java\jdk-17\bin\java.exe
0x00007ffce5fb0000 - 0x00007ffce61a8000 	C:\WINDOWS\SYSTEM32\ntdll.dll
0x00007ffce50b0000 - 0x00007ffce5171000 	C:\WINDOWS\System32\KERNEL32.DLL
0x00007ffce3850000 - 0x00007ffce3b4d000 	C:\WINDOWS\System32\KERNELBASE.dll
0x00007ffce3750000 - 0x00007ffce3850000 	C:\WINDOWS\System32\ucrtbase.dll
0x00007ffcc8dc0000 - 0x00007ffcc8ddb000 	C:\Program Files\Java\jdk-17\bin\VCRUNTIME140.dll
0x00007ffccd6e0000 - 0x00007ffccd6f9000 	C:\Program Files\Java\jdk-17\bin\jli.dll
0x00007ffce4150000 - 0x00007ffce4200000 	C:\WINDOWS\System32\ADVAPI32.dll
0x00007ffce4210000 - 0x00007ffce42ae000 	C:\WINDOWS\System32\msvcrt.dll
0x00007ffce4bf0000 - 0x00007ffce4c90000 	C:\WINDOWS\System32\sechost.dll
0x00007ffce5230000 - 0x00007ffce5353000 	C:\WINDOWS\System32\RPCRT4.dll
0x00007ffce3b50000 - 0x00007ffce3b77000 	C:\WINDOWS\System32\bcrypt.dll
0x00007ffce42b0000 - 0x00007ffce444d000 	C:\WINDOWS\System32\USER32.dll
0x00007ffccda60000 - 0x00007ffccdcfa000 	C:\WINDOWS\WinSxS\amd64_microsoft.windows.common-controls_6595b64144ccf1df_6.0.19041.4355_none_60b8b9eb71f62e16\COMCTL32.dll
0x00007ffce36b0000 - 0x00007ffce36d2000 	C:\WINDOWS\System32\win32u.dll
0x00007ffce4450000 - 0x00007ffce447b000 	C:\WINDOWS\System32\GDI32.dll
0x00007ffce3c30000 - 0x00007ffce3d47000 	C:\WINDOWS\System32\gdi32full.dll
0x00007ffce3d50000 - 0x00007ffce3ded000 	C:\WINDOWS\System32\msvcp_win.dll
0x00007ffcdc140000 - 0x00007ffcdc14a000 	C:\WINDOWS\SYSTEM32\VERSION.dll
0x00007ffce5360000 - 0x00007ffce538f000 	C:\WINDOWS\System32\IMM32.DLL
0x00007ffcde6b0000 - 0x00007ffcde6bc000 	C:\Program Files\Java\jdk-17\bin\vcruntime140_1.dll
0x00007ffcc2a00000 - 0x00007ffcc2a8e000 	C:\Program Files\Java\jdk-17\bin\msvcp140.dll
0x00007ffca5280000 - 0x00007ffca5e5f000 	C:\Program Files\Java\jdk-17\bin\server\jvm.dll
0x00007ffce40e0000 - 0x00007ffce40e8000 	C:\WINDOWS\System32\PSAPI.DLL
0x00007ffcc8320000 - 0x00007ffcc8329000 	C:\WINDOWS\SYSTEM32\WSOCK32.dll
0x00007ffce4070000 - 0x00007ffce40db000 	C:\WINDOWS\System32\WS2_32.dll
0x00007ffcd0440000 - 0x00007ffcd0467000 	C:\WINDOWS\SYSTEM32\WINMM.dll
0x00007ffce1550000 - 0x00007ffce1562000 	C:\WINDOWS\SYSTEM32\kernel.appcore.dll
0x00007ffcddda0000 - 0x00007ffcdddaa000 	C:\Program Files\Java\jdk-17\bin\jimage.dll
0x00007ffce0df0000 - 0x00007ffce0fd4000 	C:\WINDOWS\SYSTEM32\DBGHELP.DLL
0x00007ffcc6960000 - 0x00007ffcc6994000 	C:\WINDOWS\SYSTEM32\dbgcore.DLL
0x00007ffce3df0000 - 0x00007ffce3e72000 	C:\WINDOWS\System32\bcryptPrimitives.dll
0x00007ffccc0c0000 - 0x00007ffccc0ce000 	C:\Program Files\Java\jdk-17\bin\instrument.dll
0x00007ffcc04e0000 - 0x00007ffcc0505000 	C:\Program Files\Java\jdk-17\bin\java.dll
0x00007ffcb4840000 - 0x00007ffcb4917000 	C:\Program Files\Java\jdk-17\bin\jsvml.dll
0x00007ffce4480000 - 0x00007ffce4bef000 	C:\WINDOWS\System32\SHELL32.dll
0x00007ffce16e0000 - 0x00007ffce1e7f000 	C:\WINDOWS\SYSTEM32\windows.storage.dll
0x00007ffce5c10000 - 0x00007ffce5f63000 	C:\WINDOWS\System32\combase.dll
0x00007ffce3080000 - 0x00007ffce30ae000 	C:\WINDOWS\SYSTEM32\Wldp.dll
0x00007ffce59b0000 - 0x00007ffce5a7d000 	C:\WINDOWS\System32\OLEAUT32.dll
0x00007ffce58a0000 - 0x00007ffce594d000 	C:\WINDOWS\System32\SHCORE.dll
0x00007ffce40f0000 - 0x00007ffce4145000 	C:\WINDOWS\System32\shlwapi.dll
0x00007ffce3590000 - 0x00007ffce35b4000 	C:\WINDOWS\SYSTEM32\profapi.dll
0x00007ffcbc3e0000 - 0x00007ffcbc3f8000 	C:\Program Files\Java\jdk-17\bin\zip.dll
0x00007ffcc8020000 - 0x00007ffcc8039000 	C:\Program Files\Java\jdk-17\bin\net.dll
0x00007ffcd9d30000 - 0x00007ffcd9e3d000 	C:\WINDOWS\SYSTEM32\WINHTTP.dll
0x00007ffce2de0000 - 0x00007ffce2e4a000 	C:\WINDOWS\system32\mswsock.dll
0x00007ffcc7f30000 - 0x00007ffcc7f46000 	C:\Program Files\Java\jdk-17\bin\nio.dll
0x00007ffcda980000 - 0x00007ffcda99a000 	C:\Program Files\JetBrains\IntelliJ IDEA 2023.2\bin\breakgen64.dll
0x00007ffce2ab0000 - 0x00007ffce2b7a000 	C:\WINDOWS\SYSTEM32\DNSAPI.dll
0x00007ffce2a70000 - 0x00007ffce2aab000 	C:\WINDOWS\SYSTEM32\IPHLPAPI.DLL
0x00007ffce4200000 - 0x00007ffce4208000 	C:\WINDOWS\System32\NSI.dll
0x0000000063560000 - 0x0000000063569000 	C:\Program Files\National Instruments\Shared\mDNS Responder\nimdnsNSP.dll
0x0000000063550000 - 0x000000006355e000 	C:\WINDOWS\SYSTEM32\nimdnsResponder.dll
0x0000000068160000 - 0x0000000068203000 	C:\WINDOWS\WinSxS\amd64_microsoft.vc90.crt_1fc8b3b9a1e18e3b_9.0.30729.9625_none_08e1c10da83fbc83\MSVCR90.dll
0x00007ffcdbb10000 - 0x00007ffcdbb1a000 	C:\Windows\System32\rasadhlp.dll
0x00007ffcccdb0000 - 0x00007ffccce30000 	C:\WINDOWS\System32\fwpuclnt.dll
0x00007ffccbf20000 - 0x00007ffccbf2a000 	C:\Program Files\Java\jdk-17\bin\management.dll
0x00007ffccbf10000 - 0x00007ffccbf1b000 	C:\Program Files\Java\jdk-17\bin\management_ext.dll
0x00007ffce2fd0000 - 0x00007ffce2fe8000 	C:\WINDOWS\SYSTEM32\CRYPTSP.dll
0x00007ffce2690000 - 0x00007ffce26c4000 	C:\WINDOWS\system32\rsaenh.dll
0x00007ffce3500000 - 0x00007ffce352e000 	C:\WINDOWS\SYSTEM32\USERENV.dll
0x00007ffce2ff0000 - 0x00007ffce2ffc000 	C:\WINDOWS\SYSTEM32\CRYPTBASE.dll
0x00007ffcd9f40000 - 0x00007ffcd9f57000 	C:\WINDOWS\SYSTEM32\dhcpcsvc6.DLL
0x00007ffcdaae0000 - 0x00007ffcdaafd000 	C:\WINDOWS\SYSTEM32\dhcpcsvc.DLL
0x00007ffcbc5e0000 - 0x00007ffcbc5f7000 	C:\WINDOWS\system32\napinsp.dll
0x00007ffcbc370000 - 0x00007ffcbc38b000 	C:\WINDOWS\system32\pnrpnsp.dll
0x00007ffcdf8c0000 - 0x00007ffcdf8d5000 	C:\WINDOWS\system32\wshbth.dll
0x00007ffcddaf0000 - 0x00007ffcddb0d000 	C:\WINDOWS\system32\NLAapi.dll
0x00007ffcbb480000 - 0x00007ffcbb492000 	C:\WINDOWS\System32\winrnr.dll

dbghelp: loaded successfully - version: 4.0.5 - missing functions: none
symbol engine: initialized successfully - sym options: 0x614 - pdb path: .;C:\Program Files\Java\jdk-17\bin;C:\WINDOWS\SYSTEM32;C:\WINDOWS\WinSxS\amd64_microsoft.windows.common-controls_6595b64144ccf1df_6.0.19041.4355_none_60b8b9eb71f62e16;C:\Program Files\Java\jdk-17\bin\server;C:\Program Files\JetBrains\IntelliJ IDEA 2023.2\bin;C:\Program Files\National Instruments\Shared\mDNS Responder;C:\WINDOWS\WinSxS\amd64_microsoft.vc90.crt_1fc8b3b9a1e18e3b_9.0.30729.9625_none_08e1c10da83fbc83

VM Arguments:
jvm_args: -XX:TieredStopAtLevel=1 -Dspring.output.ansi.enabled=always -Dcom.sun.management.jmxremote -Dspring.jmx.enabled=true -Dspring.liveBeansView.mbeanDomain -Dspring.application.admin.enabled=true -Dmanagement.endpoints.jmx.exposure.include=* -javaagent:C:\Program Files\JetBrains\IntelliJ IDEA 2023.2\lib\idea_rt.jar=51493:C:\Program Files\JetBrains\IntelliJ IDEA 2023.2\bin -Dfile.encoding=UTF-8 
java_command: com.group2.smart_cafe_backend.SmartCafeBackendApplication
java_class_path (initial): D:\CodeGym\module_6\smart_cafe_backend\build\classes\java\main;D:\CodeGym\module_6\smart_cafe_backend\build\resources\main;C:\Users\asus\.gradle\caches\modules-2\files-2.1\org.projectlombok\lombok\1.18.24\13a394eed5c4f9efb2a6d956e2086f1d81e857d9\lombok-1.18.24.jar;C:\Users\asus\.gradle\caches\modules-2\files-2.1\org.springframework.boot\spring-boot-starter-web\3.3.3\f19325fefd33dc920c0f68547a798ed731a8c70c\spring-boot-starter-web-3.3.3.jar;C:\Users\asus\.gradle\caches\modules-2\files-2.1\org.springframework.boot\spring-boot-starter-data-jpa\3.3.3\7eeb176d6130f7aa83405fe2985fe7cadc11ebc5\spring-boot-starter-data-jpa-3.3.3.jar;C:\Users\asus\.gradle\caches\modules-2\files-2.1\org.springframework.boot\spring-boot-starter-thymeleaf\3.3.3\c2fb77625292dd8fb623e43f500af260239f1a9\spring-boot-starter-thymeleaf-3.3.3.jar;C:\Users\asus\.gradle\caches\modules-2\files-2.1\org.springframework.boot\spring-boot-starter-validation\3.3.3\9a585e4c45168f6c37812ab47df3abf869c9c289\spring-boot-starter-validation-3.3.3.jar;C:\Users\asus\.gradle\caches\modules-2\files-2.1\org.springframework.boot\spring-boot-starter-mail\3.3.3\68ae7baa6f8f684631b201ce80bbdad9af04a9a4\spring-boot-starter-mail-3.3.3.jar;C:\Users\asus\.gradle\caches\modules-2\files-2.1\org.springframework.boot\spring-boot-starter-security\3.3.3\80c76e69884e061f0197275005d45dd1648e25c2\spring-boot-starter-security-3.3.3.jar;C:\Users\asus\.gradle\caches\modules-2\files-2.1\io.jsonwebtoken\jjwt-api\0.11.2\57c34dce3e88f2972c5c5465b6291acfb5628084\jjwt-api-0.11.2.jar;C:\Users\asus\.gradle\caches\modules-2\files-2.1\org.springframework.boot\spring-boot-starter-json\3.3.3\3dde3b6089f772a77763020cc97a219307a8f39f\spring-boot-starter-json-3.3.3.jar;C:\Users\asus\.gradle\caches\modules-2\files-2.1\org.springframework.boot\spring-boot-starter\3.3.3\174d6cb1c59036a01756d6bf4d8945325f94155f\spring-boot-starter-3.3.3.jar;C:\Users\asus\.gradle\caches\modules-2\files-2.1\org.springframework.boot\spring-boot-start
Launcher Type: SUN_STANDARD

[Global flags]
     intx CICompilerCount                          = 4                                         {product} {ergonomic}
     uint ConcGCThreads                            = 2                                         {product} {ergonomic}
     uint G1ConcRefinementThreads                  = 8                                         {product} {ergonomic}
   size_t G1HeapRegionSize                         = 1048576                                   {product} {ergonomic}
    uintx GCDrainStackTargetSize                   = 64                                        {product} {ergonomic}
   size_t InitialHeapSize                          = 132120576                                 {product} {ergonomic}
     bool ManagementServer                         = true                                      {product} {command line}
   size_t MarkStackSize                            = 4194304                                   {product} {ergonomic}
   size_t MaxHeapSize                              = 2109734912                                {product} {ergonomic}
   size_t MaxNewSize                               = 1265631232                                {product} {ergonomic}
   size_t MinHeapDeltaBytes                        = 1048576                                   {product} {ergonomic}
   size_t MinHeapSize                              = 8388608                                   {product} {ergonomic}
    uintx NonProfiledCodeHeapSize                  = 0                                      {pd product} {ergonomic}
     bool ProfileInterpreter                       = false                                  {pd product} {command line}
    uintx ProfiledCodeHeapSize                     = 0                                      {pd product} {ergonomic}
   size_t SoftMaxHeapSize                          = 2109734912                             {manageable} {ergonomic}
     intx TieredStopAtLevel                        = 1                                         {product} {command line}
     bool UseCompressedClassPointers               = true                           {product lp64_product} {ergonomic}
     bool UseCompressedOops                        = true                           {product lp64_product} {ergonomic}
     bool UseG1GC                                  = true                                      {product} {ergonomic}
     bool UseLargePagesIndividualAllocation        = false                                  {pd product} {ergonomic}

Logging:
Log output configuration:
 #0: stdout all=warning uptime,level,tags
 #1: stderr all=off uptime,level,tags

Environment Variables:
JAVA_HOME=C:\Program Files\Java\jdk-21
PATH=C:\Program Files\Common Files\Oracle\Java\javapath;C:\Program Files\Common Files\Siemens\Automation\Simatic OAM\bin;C:\Program Files (x86)\Common Files\Intel\Shared Libraries\redist\intel64_win\compiler;C:\WINDOWS\system32;C:\WINDOWS;C:\WINDOWS\System32\Wbem;C:\WINDOWS\System32\WindowsPowerShell\v1.0\;C:\WINDOWS\System32\OpenSSH\;C:\Program Files\Java\jre1.8.0_301\bin;C:\Program Files\Java\jre1.8.0_301\bin;C:\Program Files (x86)\PICC;C:\Program Files\Microsoft SQL Server\150\Tools\Binn\;C:\Program Files\Cloudflare\Cloudflare WARP\;C:\Program Files (x86)\Microsoft SQL Server\160\Tools\Binn\;C:\Program Files\Microsoft SQL Server\160\Tools\Binn\;C:\Program Files\Microsoft SQL Server\Client SDK\ODBC\170\Tools\Binn\;C:\Program Files\Microsoft SQL Server\160\DTS\Binn\;C:\Program Files (x86)\Microsoft SQL Server\160\DTS\Binn\;C:\Program Files\Azure Data Studio\bin;C:\Users\asus\Downloads\apache-tomcat-8.5.34-windows-x64\apache-tomcat-8.5.34\bin;C:\Program Files\Java\jdk-21\bin;C:\Users\asus\Downloads\apache-maven-3.6.0\bin;C:\Program Files\Git\cmd;C:\Program Files\nodejs\;C:\Users\asus\AppData\Local\Microsoft\WindowsApps;C:\Program Files\Azure Data Studio\bin;C:\Program Files\JetBrains\IntelliJ IDEA 2023.2\bin;;C:\Program Files\JetBrains\WebStorm 2023.3.6\bin;;C:\Users\asus\AppData\Roaming\npm
USERNAME=asus
OS=Windows_NT
PROCESSOR_IDENTIFIER=Intel64 Family 6 Model 158 Stepping 10, GenuineIntel



---------------  S Y S T E M  ---------------

OS:
 Windows 10 , 64 bit Build 19041 (10.0.19041.4717)
OS uptime: 0 days 0:23 hours

CPU: total 8 (initial active 8) (4 cores per cpu, 2 threads per core) family 6 model 158 stepping 10 microcode 0xb4, cx8, cmov, fxsr, ht, mmx, 3dnowpref, sse, sse2, sse3, ssse3, sse4.1, sse4.2, popcnt, lzcnt, tsc, tscinvbit, avx, avx2, aes, erms, clmul, bmi1, bmi2, adx, fma, vzeroupper, clflush, clflushopt

Memory: 4k page, system-wide physical 8043M (386M free)
TotalPageFile size 12139M (AvailPageFile size 1M)
current process WorkingSet (physical memory assigned to process): 99M, peak: 99M
current process commit charge ("private bytes"): 234M, peak: 234M

vm_info: Java HotSpot(TM) 64-Bit Server VM (17.0.10+11-LTS-240) for windows-amd64 JRE (17.0.10+11-LTS-240), built on Dec 19 2023 21:47:25 by "mach5one" with MS VC++ 17.1 (VS2022)

END.
